\BOOKMARK [0][-]{chapter*.2}{Popis slika}{}% 1
\BOOKMARK [0][-]{chapter*.3}{Popis tablica}{}% 2
\BOOKMARK [0][-]{chapter.1}{Kako koristiti paket za pisanje zavr\235noga rada u LaTeX-u}{}% 3
\BOOKMARK [1][-]{section.1.1}{Opis sadr\236aja paketa}{chapter.1}% 4
\BOOKMARK [1][-]{section.1.2}{Cime se opremiti za pisanje rada}{chapter.1}% 5
\BOOKMARK [2][-]{subsection.1.2.1}{Instalacija LaTeX-a}{section.1.2}% 6
\BOOKMARK [2][-]{subsection.1.2.2}{Instalacija editora teksta}{section.1.2}% 7
\BOOKMARK [2][-]{subsection.1.2.3}{Instalacija programa za opis kori\235tene literature}{section.1.2}% 8
\BOOKMARK [0][-]{chapter.2}{Primjeri najce\235cih sintaktickih struktura}{}% 9
\BOOKMARK [1][-]{section.2.1}{Postavljanje naslova poglavlja i sekcija}{chapter.2}% 10
\BOOKMARK [1][-]{section.2.2}{Reference na literaturu}{chapter.2}% 11
\BOOKMARK [1][-]{section.2.3}{Referenca na sekciju, sliku, tabelu ili stranicu}{chapter.2}% 12
\BOOKMARK [1][-]{section.2.4}{Poveznica na neki dokument ili URL adresu}{chapter.2}% 13
\BOOKMARK [1][-]{section.2.5}{Ubacivanje slike}{chapter.2}% 14
\BOOKMARK [1][-]{section.2.6}{Ubacivanje podslika}{chapter.2}% 15
\BOOKMARK [1][-]{section.2.7}{Ubacivanje tabele}{chapter.2}% 16
\BOOKMARK [1][-]{section.2.8}{Uporaba kratica u tekstu. Automatsko generiranje popisa kratica.}{chapter.2}% 17
\BOOKMARK [1][-]{section.2.9}{Nagla\235avanje teksta}{chapter.2}% 18
\BOOKMARK [2][-]{subsection.2.9.1}{Navodnici}{section.2.9}% 19
\BOOKMARK [2][-]{subsection.2.9.2}{Kosa i podebljana slova}{section.2.9}% 20
\BOOKMARK [1][-]{section.2.10}{Verbatim: okru\236enje za doslovni tekst}{chapter.2}% 21
\BOOKMARK [1][-]{section.2.11}{Kreiranje jedne jednad\236be ili serije jednad\236ba}{chapter.2}% 22
\BOOKMARK [2][-]{subsection.2.11.1}{Kreiranje jedne jednad\236be}{section.2.11}% 23
\BOOKMARK [2][-]{subsection.2.11.2}{Kreiranje grupe jednad\236ba}{section.2.11}% 24
\BOOKMARK [1][-]{section.2.12}{Liste}{chapter.2}% 25
\BOOKMARK [2][-]{subsection.2.12.1}{Lista s tockama}{section.2.12}% 26
\BOOKMARK [2][-]{subsection.2.12.2}{Lista s brojevima}{section.2.12}% 27
\BOOKMARK [2][-]{subsection.2.12.3}{Proizvoljno oznacena lista}{section.2.12}% 28
\BOOKMARK [0][-]{chapter.3}{Dodatne informacije}{}% 29
\BOOKMARK [1][-]{section.3.1}{Primjeri uporabe sintaktickih struktura}{chapter.3}% 30
\BOOKMARK [1][-]{section.3.2}{Savjeti za lak\235e ureivanje teksta}{chapter.3}% 31
\BOOKMARK [1][-]{section.3.3}{Zavr\235ne napomene}{chapter.3}% 32
\BOOKMARK [0][-]{chapter.4}{Vodic za pisanje vlastitoga teksta}{}% 33
\BOOKMARK [1][-]{section.4.1}{Upis uvodnih podataka}{chapter.4}% 34
\BOOKMARK [1][-]{section.4.2}{Pocetak pisanja glavnoga dijela rada}{chapter.4}% 35
\BOOKMARK [0][-]{chapter*.8}{Bibliografija}{}% 36
\BOOKMARK [0][-]{chapter*.10}{Pojmovnik}{}% 37
\BOOKMARK [0][-]{chapter*.10}{Sa\236etak}{}% 38
\BOOKMARK [0][-]{appendix.A}{Naslov priloga}{}% 39
\BOOKMARK [1][-]{section.A.1}{Naslov sekcije}{appendix.A}% 40
\BOOKMARK [1][-]{section.A.2}{Naslov sekcije}{appendix.A}% 41
