\BOOKMARK [0][-]{chapter*.2}{Popis slika}{}% 1
\BOOKMARK [0][-]{chapter*.3}{Popis tablica}{}% 2
\BOOKMARK [0][-]{chapter.1}{Uvod}{}% 3
\BOOKMARK [0][-]{chapter.2}{Opis problema}{}% 4
\BOOKMARK [1][-]{section.2.1}{Unity i aplikacija}{chapter.2}% 5
\BOOKMARK [2][-]{subsection.2.1.1}{Pogled s kamere}{section.2.1}% 6
\BOOKMARK [2][-]{subsection.2.1.2}{Upravljanje robotom}{section.2.1}% 7
\BOOKMARK [2][-]{subsection.2.1.3}{Mapiranje}{section.2.1}% 8
\BOOKMARK [0][-]{chapter.3}{Specifikacije robota}{}% 9
\BOOKMARK [0][-]{chapter.4}{Programski alati}{}% 10
\BOOKMARK [1][-]{section.4.1}{ROS}{chapter.4}% 11
\BOOKMARK [1][-]{section.4.2}{Unity}{chapter.4}% 12
\BOOKMARK [2][-]{subsection.4.2.1}{Editor}{section.4.2}% 13
\BOOKMARK [2][-]{subsection.4.2.2}{Skripte}{section.4.2}% 14
\BOOKMARK [1][-]{section.4.3}{ROS\043}{chapter.4}% 15
\BOOKMARK [2][-]{subsection.4.3.1}{RosBridgeClient}{section.4.3}% 16
\BOOKMARK [0][-]{chapter.5}{Opis rje\235enja}{}% 17
\BOOKMARK [1][-]{section.5.1}{Opis sucelja i Unity objekata}{chapter.5}% 18
\BOOKMARK [2][-]{subsection.5.1.1}{Meni}{section.5.1}% 19
\BOOKMARK [2][-]{subsection.5.1.2}{Ros Connector}{section.5.1}% 20
\BOOKMARK [2][-]{subsection.5.1.3}{Plane}{section.5.1}% 21
\BOOKMARK [2][-]{subsection.5.1.4}{Model robota}{section.5.1}% 22
\BOOKMARK [2][-]{subsection.5.1.5}{Canvas}{section.5.1}% 23
\BOOKMARK [2][-]{subsection.5.1.6}{Multi Robot Control}{section.5.1}% 24
\BOOKMARK [2][-]{subsection.5.1.7}{Scena 2}{section.5.1}% 25
\BOOKMARK [1][-]{section.5.2}{Znacajke i mogucnosti rje\235enja}{chapter.5}% 26
\BOOKMARK [2][-]{subsection.5.2.1}{Kamere}{section.5.2}% 27
\BOOKMARK [2][-]{subsection.5.2.2}{Laserski sken}{section.5.2}% 28
\BOOKMARK [2][-]{subsection.5.2.3}{2D mapiranje}{section.5.2}% 29
\BOOKMARK [2][-]{subsection.5.2.4}{Upravljanje}{section.5.2}% 30
\BOOKMARK [2][-]{subsection.5.2.5}{Prikaz s vi\235e robota}{section.5.2}% 31
\BOOKMARK [2][-]{subsection.5.2.6}{3D mapiranje}{section.5.2}% 32
\BOOKMARK [2][-]{subsection.5.2.7}{RQT graf sustava}{section.5.2}% 33
\BOOKMARK [0][-]{chapter.6}{Rezultati}{}% 34
\BOOKMARK [1][-]{section.6.1}{Faza 1 \(Waffle Pi\)}{chapter.6}% 35
\BOOKMARK [2][-]{subsection.6.1.1}{Linux i Windows}{section.6.1}% 36
\BOOKMARK [2][-]{subsection.6.1.2}{Android}{section.6.1}% 37
\BOOKMARK [2][-]{subsection.6.1.3}{Vi\235e robotski prikaz}{section.6.1}% 38
\BOOKMARK [2][-]{subsection.6.1.4}{Problemi i pote\235koce}{section.6.1}% 39
\BOOKMARK [1][-]{section.6.2}{Faza 2 \(Waffle\)}{chapter.6}% 40
\BOOKMARK [2][-]{subsection.6.2.1}{Problemi i pote\235koce}{section.6.2}% 41
\BOOKMARK [0][-]{chapter.7}{Zakljucak}{}% 42
\BOOKMARK [0][-]{chapter*.29}{Bibliografija}{}% 43
\BOOKMARK [0][-]{chapter*.29}{Sa\236etak}{}% 44
\BOOKMARK [0][-]{appendix.A}{Konfiguracija radne okoline}{}% 45
\BOOKMARK [1][-]{section.A.1}{Dodatni koraci}{appendix.A}% 46
\BOOKMARK [2][-]{subsection.A.1.1}{Uvoz URDF modela u Unity}{section.A.1}% 47
\BOOKMARK [2][-]{subsection.A.1.2}{Dodatno}{section.A.1}% 48
\BOOKMARK [1][-]{section.A.2}{Glavna launch datoteka}{appendix.A}% 49
\BOOKMARK [1][-]{section.A.3}{Ostalo}{appendix.A}% 50
