This is pdfTeX, Version 3.14159265-2.6-1.40.20 (TeX Live 2019/Debian) (preloaded format=pdflatex 2020.8.25)  2 JAN 2021 17:28
entering extended mode
 restricted \write18 enabled.
 %&-line parsing enabled.
**Literatura.tex
(./Literatura.tex
LaTeX2e <2020-02-02> patch level 2
L3 programming layer <2020-02-14>
\bibdata{Literatura}
No file Literatura.bbl.
)
! Emergency stop.
<*> Literatura.tex
                  
*** (job aborted, no legal \end found)

 
Here is how much of TeX's memory you used:
 18 strings out of 481239
 419 string characters out of 5920377
 236562 words of memory out of 5000000
 15385 multiletter control sequences out of 15000+600000
 532338 words of font info for 24 fonts, out of 8000000 for 9000
 1141 hyphenation exceptions out of 8191
 12i,0n,15p,191b,10s stack positions out of 5000i,500n,10000p,200000b,80000s
!  ==> Fatal error occurred, no output PDF file produced!
